Traceback (most recent call last):
  File "/Users/santothies/miniforge3/envs/kaggle2/lib/python3.12/site-packages/jupyter_cache/executors/utils.py", line 58, in single_nb_execution
    executenb(
  File "/Users/santothies/miniforge3/envs/kaggle2/lib/python3.12/site-packages/nbclient/client.py", line 1305, in execute
    return NotebookClient(nb=nb, resources=resources, km=km, **kwargs).execute()
           ^^^^^^^^^^^^^^^^^^^^^^^^^^^^^^^^^^^^^^^^^^^^^^^^^^^^^^^^^^^^^^^^^^^^^
  File "/Users/santothies/miniforge3/envs/kaggle2/lib/python3.12/site-packages/jupyter_core/utils/__init__.py", line 173, in wrapped
    return loop.run_until_complete(inner)
           ^^^^^^^^^^^^^^^^^^^^^^^^^^^^^^
  File "/Users/santothies/miniforge3/envs/kaggle2/lib/python3.12/asyncio/base_events.py", line 685, in run_until_complete
    return future.result()
           ^^^^^^^^^^^^^^^
  File "/Users/santothies/miniforge3/envs/kaggle2/lib/python3.12/site-packages/nbclient/client.py", line 705, in async_execute
    await self.async_execute_cell(
  File "/Users/santothies/miniforge3/envs/kaggle2/lib/python3.12/site-packages/nbclient/client.py", line 1058, in async_execute_cell
    await self._check_raise_for_error(cell, cell_index, exec_reply)
  File "/Users/santothies/miniforge3/envs/kaggle2/lib/python3.12/site-packages/nbclient/client.py", line 914, in _check_raise_for_error
    raise CellExecutionError.from_cell_and_msg(cell, exec_reply_content)
nbclient.exceptions.CellExecutionError: An error occurred while executing the following cell:
------------------
import numpy as np
import matplotlib.pyplot as plt
from scipy.stats import norm
import networkx as nx

from sklearn.model_selection import train_test_split
from sklearn.datasets import make_classification
from sklearn.linear_model import LogisticRegression, LinearRegression
from sklearn.metrics import log_loss, mean_squared_error
from sklearn.metrics import accuracy_score, brier_score_loss, r2_score

from pgmpy.models import BayesianNetwork
from pgmpy.factors.discrete import TabularCPD
from pgmpy.inference import VariableElimination
------------------


[0;31m---------------------------------------------------------------------------[0m
[0;31mModuleNotFoundError[0m                       Traceback (most recent call last)
Cell [0;32mIn[1], line 12[0m
[1;32m      9[0m [38;5;28;01mfrom[39;00m [38;5;21;01msklearn[39;00m[38;5;21;01m.[39;00m[38;5;21;01mmetrics[39;00m [38;5;28;01mimport[39;00m log_loss, mean_squared_error
[1;32m     10[0m [38;5;28;01mfrom[39;00m [38;5;21;01msklearn[39;00m[38;5;21;01m.[39;00m[38;5;21;01mmetrics[39;00m [38;5;28;01mimport[39;00m accuracy_score, brier_score_loss, r2_score
[0;32m---> 12[0m [38;5;28;01mfrom[39;00m [38;5;21;01mpgmpy[39;00m[38;5;21;01m.[39;00m[38;5;21;01mmodels[39;00m [38;5;28;01mimport[39;00m BayesianNetwork
[1;32m     13[0m [38;5;28;01mfrom[39;00m [38;5;21;01mpgmpy[39;00m[38;5;21;01m.[39;00m[38;5;21;01mfactors[39;00m[38;5;21;01m.[39;00m[38;5;21;01mdiscrete[39;00m [38;5;28;01mimport[39;00m TabularCPD
[1;32m     14[0m [38;5;28;01mfrom[39;00m [38;5;21;01mpgmpy[39;00m[38;5;21;01m.[39;00m[38;5;21;01minference[39;00m [38;5;28;01mimport[39;00m VariableElimination

[0;31mModuleNotFoundError[0m: No module named 'pgmpy'

