Traceback (most recent call last):
  File "/Users/wery/Library/Python/3.9/lib/python/site-packages/jupyter_cache/executors/utils.py", line 58, in single_nb_execution
    executenb(
  File "/Users/wery/Library/Python/3.9/lib/python/site-packages/nbclient/client.py", line 1265, in execute
    return NotebookClient(nb=nb, resources=resources, km=km, **kwargs).execute()
  File "/Users/wery/Library/Python/3.9/lib/python/site-packages/jupyter_core/utils/__init__.py", line 168, in wrapped
    return loop.run_until_complete(inner)
  File "/Library/Developer/CommandLineTools/Library/Frameworks/Python3.framework/Versions/3.9/lib/python3.9/asyncio/base_events.py", line 642, in run_until_complete
    return future.result()
  File "/Users/wery/Library/Python/3.9/lib/python/site-packages/nbclient/client.py", line 703, in async_execute
    await self.async_execute_cell(
  File "/Users/wery/Library/Python/3.9/lib/python/site-packages/nbclient/client.py", line 1021, in async_execute_cell
    await self._check_raise_for_error(cell, cell_index, exec_reply)
  File "/Users/wery/Library/Python/3.9/lib/python/site-packages/nbclient/client.py", line 915, in _check_raise_for_error
    raise CellExecutionError.from_cell_and_msg(cell, exec_reply_content)
nbclient.exceptions.CellExecutionError: An error occurred while executing the following cell:
------------------
import numpy as np
import pandas as pd
from matplotlib import pyplot as plt
from matplotlib.gridspec import GridSpec
from itertools import chain, combinations

from sklearn.model_selection import train_test_split
from sklearn.naive_bayes import GaussianNB, CategoricalNB
from sklearn.preprocessing import KBinsDiscretizer, LabelEncoder
from sklearn.datasets import make_blobs, load_wine

import mpltern
import warnings

from scipy.stats import dirichlet
------------------

[0;31m---------------------------------------------------------------------------[0m
[0;31mModuleNotFoundError[0m                       Traceback (most recent call last)
Cell [0;32mIn[1], line 12[0m
[1;32m      9[0m [38;5;28;01mfrom[39;00m [38;5;21;01msklearn[39;00m[38;5;21;01m.[39;00m[38;5;21;01mpreprocessing[39;00m [38;5;28;01mimport[39;00m KBinsDiscretizer, LabelEncoder
[1;32m     10[0m [38;5;28;01mfrom[39;00m [38;5;21;01msklearn[39;00m[38;5;21;01m.[39;00m[38;5;21;01mdatasets[39;00m [38;5;28;01mimport[39;00m make_blobs, load_wine
[0;32m---> 12[0m [38;5;28;01mimport[39;00m [38;5;21;01mmpltern[39;00m
[1;32m     13[0m [38;5;28;01mimport[39;00m [38;5;21;01mwarnings[39;00m
[1;32m     15[0m [38;5;28;01mfrom[39;00m [38;5;21;01mscipy[39;00m[38;5;21;01m.[39;00m[38;5;21;01mstats[39;00m [38;5;28;01mimport[39;00m dirichlet

[0;31mModuleNotFoundError[0m: No module named 'mpltern'
ModuleNotFoundError: No module named 'mpltern'

